<html>
<body>
<pre>
<h1>µVision Build Log</h1>
<h2>Project:</h2>
C:\Keil\EE319KwareSpring2016\Lab4_EE319K_asm\Lab4.uvproj
Project File Date:  10/06/2014

<h2>Output:</h2>
Build target 'Lab4'
assembling main.s...
linking...
Program Size: Code=1908 RO-data=240 RW-data=48 ZI-data=1080  
".\Lab4.axf" - 0 Error(s), 0 Warning(s).
e constant expression
main.s(81): warning: A1865W: '#' not seen before constant expression
main.s(86): warning: A1865W: '#' not seen before constant expression
linking...
Program Size: Code=1908 RO-data=240 RW-data=48 ZI-data=1080  
".\Lab4.axf" - 0 Error(s), 4 Warning(s).
ror: A1163E: Unknown opcode R0, , expecting opcode or Macro
main.s(74): error: A1163E: Unknown opcode R1, , expecting opcode or Macro
main.s(75): error: A1163E: Unknown opcode R1, , expecting opcode or Macro
main.s(76): error: A1163E: Unknown opcode R1, , expecting opcode or Macro
main.s(77): error: A1163E: Unknown opcode R1, , expecting opcode or Macro
main.s(79): error: A1163E: Unknown opcode R0, , expecting opcode or Macro
main.s(80): error: A1163E: Unknown opcode R1, , expecting opcode or Macro
main.s(81): error: A1163E: Unknown opcode R1, , expecting opcode or Macro
main.s(82): error: A1163E: Unknown opcode R1, , expecting opcode or Macro
main.s(84): error: A1163E: Unknown opcode R0, , expecting opcode or Macro
main.s(85): error: A1163E: Unknown opcode R1, , expecting opcode or Macro
main.s(86): error: A1163E: Unknown opcode R1, , expecting opcode or Macro
main.s(87): error: A1163E: Unknown opcode R1, , expecting opcode or Macro
".\Lab4.axf" - 18 Error(s), 0 Warning(s).
Target not created
